[1112/093629.271:ERROR:directory_reader_win.cc(43)] FindFirstFile: The system cannot find the path specified. (0x3)
[1113/132239.029:ERROR:directory_reader_win.cc(43)] FindFirstFile: The system cannot find the path specified. (0x3)
[1113/150636.533:ERROR:directory_reader_win.cc(43)] FindFirstFile: The system cannot find the path specified. (0x3)
[1114/132643.043:ERROR:directory_reader_win.cc(43)] FindFirstFile: The system cannot find the path specified. (0x3)
[1114/134240.971:ERROR:process_reader_win.cc(151)] SuspendThread: Access is denied. (0x5)
[1114/134240.971:ERROR:process_reader_win.cc(151)] SuspendThread: Access is denied. (0x5)
[1114/134240.971:ERROR:process_reader_win.cc(151)] SuspendThread: Access is denied. (0x5)
[1114/134240.971:ERROR:process_reader_win.cc(151)] SuspendThread: Access is denied. (0x5)
[1114/134240.971:ERROR:process_reader_win.cc(151)] SuspendThread: Access is denied. (0x5)
[1114/134240.971:ERROR:process_reader_win.cc(151)] SuspendThread: Access is denied. (0x5)
[1114/134240.971:ERROR:process_reader_win.cc(151)] SuspendThread: Access is denied. (0x5)
[1114/134240.971:ERROR:process_reader_win.cc(151)] SuspendThread: Access is denied. (0x5)
[1114/134240.971:ERROR:process_reader_win.cc(151)] SuspendThread: Access is denied. (0x5)
[1114/134240.971:ERROR:process_reader_win.cc(151)] SuspendThread: Access is denied. (0x5)
[1114/134240.971:ERROR:process_reader_win.cc(151)] SuspendThread: Access is denied. (0x5)
[1114/134240.971:ERROR:process_reader_win.cc(151)] SuspendThread: Access is denied. (0x5)
[1114/134240.971:ERROR:process_reader_win.cc(151)] SuspendThread: Access is denied. (0x5)
[1114/134240.971:ERROR:exception_snapshot_win.cc(99)] thread ID 10088 not found in process
[1114/134240.971:ERROR:process_info.cc(329)] VirtualQueryEx: Access is denied. (0x5)
[1114/134240.971:ERROR:process_info.cc(556)] ReadMemoryInfo failed
[1114/134240.971:ERROR:process_memory_win.cc(39)] Failed to initialize ProcessInfo.
[1114/134240.971:ERROR:scoped_process_suspend.cc(40)] NtResumeProcess: An attempt was made to access an exiting process. (0xc000010a)
[1114/144038.097:ERROR:directory_reader_win.cc(43)] FindFirstFile: The system cannot find the path specified. (0x3)
[1118/095822.369:ERROR:directory_reader_win.cc(43)] FindFirstFile: The system cannot find the path specified. (0x3)
[1120/094341.952:ERROR:directory_reader_win.cc(43)] FindFirstFile: The system cannot find the path specified. (0x3)
[1123/120826.351:ERROR:directory_reader_win.cc(43)] FindFirstFile: The system cannot find the path specified. (0x3)
[1128/130420.322:ERROR:directory_reader_win.cc(43)] FindFirstFile: The system cannot find the path specified. (0x3)
[1130/123322.851:ERROR:directory_reader_win.cc(43)] FindFirstFile: The system cannot find the path specified. (0x3)
